{"C:\\Users\\Bonath PC\\Desktop\\express\\src\\database\\models\\user.model.ts": {"path":"C:\\Users\\Bonath PC\\Desktop\\express\\src\\database\\models\\user.model.ts","statementMap":{"0":{"start":{"line":3,"column":0},"end":{"line":3,"column":41}},"1":{"start":{"line":11,"column":19},"end":{"line":15,"column":2}},"2":{"start":{"line":17,"column":13},"end":{"line":17,"column":58}}},"fnMap":{},"branchMap":{},"s":{"0":1,"1":1,"2":1},"f":{},"b":{}}
,"C:\\Users\\Bonath PC\\Desktop\\express\\src\\database\\repositories\\user.repositories.ts": {"path":"C:\\Users\\Bonath PC\\Desktop\\express\\src\\database\\repositories\\user.repositories.ts","statementMap":{"0":{"start":{"line":2,"column":0},"end":{"line":2,"column":68}},"1":{"start":{"line":6,"column":4},"end":{"line":11,"column":5}},"2":{"start":{"line":7,"column":22},"end":{"line":7,"column":57}},"3":{"start":{"line":8,"column":6},"end":{"line":8,"column":21}},"4":{"start":{"line":10,"column":6},"end":{"line":10,"column":18}},"5":{"start":{"line":15,"column":4},"end":{"line":26,"column":5}},"6":{"start":{"line":16,"column":23},"end":{"line":21,"column":null}},"7":{"start":{"line":23,"column":6},"end":{"line":23,"column":22}},"8":{"start":{"line":25,"column":6},"end":{"line":25,"column":18}},"9":{"start":{"line":30,"column":4},"end":{"line":38,"column":5}},"10":{"start":{"line":31,"column":19},"end":{"line":31,"column":51}},"11":{"start":{"line":32,"column":6},"end":{"line":34,"column":7}},"12":{"start":{"line":33,"column":8},"end":{"line":33,"column":20}},"13":{"start":{"line":35,"column":6},"end":{"line":35,"column":18}},"14":{"start":{"line":37,"column":6},"end":{"line":37,"column":18}},"15":{"start":{"line":45,"column":4},"end":{"line":59,"column":5}},"16":{"start":{"line":46,"column":25},"end":{"line":51,"column":null}},"17":{"start":{"line":53,"column":6},"end":{"line":55,"column":7}},"18":{"start":{"line":54,"column":8},"end":{"line":54,"column":42}},"19":{"start":{"line":56,"column":6},"end":{"line":56,"column":24}},"20":{"start":{"line":58,"column":6},"end":{"line":58,"column":18}},"21":{"start":{"line":63,"column":4},"end":{"line":71,"column":5}},"22":{"start":{"line":64,"column":25},"end":{"line":64,"column":66}},"23":{"start":{"line":65,"column":6},"end":{"line":67,"column":7}},"24":{"start":{"line":66,"column":8},"end":{"line":66,"column":20}},"25":{"start":{"line":68,"column":6},"end":{"line":68,"column":24}},"26":{"start":{"line":70,"column":6},"end":{"line":70,"column":18}},"27":{"start":{"line":78,"column":4},"end":{"line":85,"column":5}},"28":{"start":{"line":79,"column":27},"end":{"line":81,"column":8}},"29":{"start":{"line":82,"column":6},"end":{"line":82,"column":26}},"30":{"start":{"line":84,"column":6},"end":{"line":84,"column":18}},"31":{"start":{"line":4,"column":0},"end":{"line":4,"column":13}}},"fnMap":{"0":{"name":"(anonymous_7)","decl":{"start":{"line":5,"column":15},"end":{"line":5,"column":27}},"loc":{"start":{"line":5,"column":46},"end":{"line":12,"column":null}}},"1":{"name":"(anonymous_9)","decl":{"start":{"line":14,"column":15},"end":{"line":14,"column":26}},"loc":{"start":{"line":14,"column":59},"end":{"line":27,"column":null}}},"2":{"name":"(anonymous_11)","decl":{"start":{"line":29,"column":15},"end":{"line":29,"column":26}},"loc":{"start":{"line":29,"column":41},"end":{"line":39,"column":null}}},"3":{"name":"(anonymous_13)","decl":{"start":{"line":41,"column":15},"end":{"line":41,"column":29}},"loc":{"start":{"line":43,"column":33},"end":{"line":60,"column":null}}},"4":{"name":"(anonymous_15)","decl":{"start":{"line":62,"column":15},"end":{"line":62,"column":29}},"loc":{"start":{"line":62,"column":44},"end":{"line":72,"column":null}}},"5":{"name":"(anonymous_17)","decl":{"start":{"line":74,"column":15},"end":{"line":74,"column":32}},"loc":{"start":{"line":76,"column":23},"end":{"line":86,"column":null}}}},"branchMap":{"0":{"loc":{"start":{"line":17,"column":8},"end":{"line":21,"column":14}},"type":"cond-expr","locations":[{"start":{"line":18,"column":12},"end":{"line":18,"column":23}},{"start":{"line":19,"column":12},"end":{"line":21,"column":14}}]},"1":{"loc":{"start":{"line":19,"column":12},"end":{"line":21,"column":14}},"type":"cond-expr","locations":[{"start":{"line":20,"column":12},"end":{"line":20,"column":22}},{"start":{"line":21,"column":12},"end":{"line":21,"column":14}}]},"2":{"loc":{"start":{"line":32,"column":6},"end":{"line":34,"column":7}},"type":"if","locations":[{"start":{"line":32,"column":6},"end":{"line":34,"column":7}}]},"3":{"loc":{"start":{"line":53,"column":6},"end":{"line":55,"column":7}},"type":"if","locations":[{"start":{"line":53,"column":6},"end":{"line":55,"column":7}}]},"4":{"loc":{"start":{"line":65,"column":6},"end":{"line":67,"column":7}},"type":"if","locations":[{"start":{"line":65,"column":6},"end":{"line":67,"column":7}}]}},"s":{"0":1,"1":1,"2":1,"3":1,"4":0,"5":0,"6":0,"7":0,"8":0,"9":0,"10":0,"11":0,"12":0,"13":0,"14":0,"15":0,"16":0,"17":0,"18":0,"19":0,"20":0,"21":0,"22":0,"23":0,"24":0,"25":0,"26":0,"27":0,"28":0,"29":0,"30":0,"31":1},"f":{"0":1,"1":0,"2":0,"3":0,"4":0,"5":0},"b":{"0":[0,0],"1":[0,0],"2":[0],"3":[0],"4":[0]}}
}
