TN:
SF:src\app.ts
FNF:0
FNH:0
DA:1,0
DA:2,0
DA:3,0
DA:4,0
DA:5,0
DA:6,0
DA:9,0
DA:16,0
DA:21,0
DA:22,0
DA:26,0
DA:31,0
DA:37,0
LF:13
LH:0
BRF:0
BRH:0
end_of_record
TN:
SF:src\config.ts
FN:12,loadConfig
FNF:1
FNH:0
FNDA:0,loadConfig
DA:1,0
DA:2,0
DA:3,0
DA:14,0
DA:15,0
DA:16,0
DA:19,0
DA:33,0
DA:34,0
DA:36,0
DA:38,0
DA:39,0
DA:47,0
DA:48,0
LF:14
LH:0
BRDA:14,0,0,0
BRDA:14,0,1,0
BRF:2
BRH:0
end_of_record
TN:
SF:src\server.ts
FN:5,run
FN:7,(anonymous_2)
FNF:2
FNH:0
FNDA:0,run
FNDA:0,(anonymous_2)
DA:1,0
DA:2,0
DA:3,0
DA:6,0
DA:7,0
DA:8,0
DA:12,0
LF:7
LH:0
BRF:0
BRH:0
end_of_record
TN:
SF:src\controllers\user.controller.ts
FN:32,(anonymous_11)
FN:44,(anonymous_13)
FN:57,(anonymous_15)
FN:67,(anonymous_17)
FN:80,(anonymous_19)
FN:90,(anonymous_21)
FNF:6
FNH:0
FNDA:0,(anonymous_11)
FNDA:0,(anonymous_13)
FNDA:0,(anonymous_15)
FNDA:0,(anonymous_17)
FNDA:0,(anonymous_19)
FNDA:0,(anonymous_21)
DA:1,0
DA:13,0
DA:27,0
DA:30,0
DA:32,0
DA:35,0
DA:36,0
DA:37,0
DA:39,0
DA:44,0
DA:48,0
DA:49,0
DA:50,0
DA:52,0
DA:57,0
DA:58,0
DA:59,0
DA:60,0
DA:62,0
DA:67,0
DA:71,0
DA:72,0
DA:73,0
DA:75,0
DA:80,0
DA:81,0
DA:82,0
DA:83,0
DA:85,0
DA:90,0
DA:94,0
DA:95,0
DA:99,0
DA:101,0
LF:34
LH:0
BRF:0
BRH:0
end_of_record
TN:
SF:src\database\connection.ts
FN:7,(anonymous_8)
FN:7,(anonymous_9)
FN:17,(anonymous_10)
FN:17,(anonymous_11)
FNF:4
FNH:0
FNDA:0,(anonymous_8)
FNDA:0,(anonymous_9)
FNDA:0,(anonymous_10)
FNDA:0,(anonymous_11)
DA:1,0
DA:2,0
DA:3,0
DA:5,0
DA:7,0
DA:8,0
DA:9,0
DA:10,0
DA:12,0
DA:13,0
DA:17,0
DA:18,0
DA:21,0
LF:13
LH:0
BRF:0
BRH:0
end_of_record
TN:
SF:src\database\models\user.model.ts
FNF:0
FNH:0
DA:3,1
DA:11,1
DA:17,1
LF:3
LH:3
BRF:0
BRH:0
end_of_record
TN:
SF:src\database\repositories\user.repositories.ts
FN:5,(anonymous_7)
FN:14,(anonymous_9)
FN:29,(anonymous_11)
FN:41,(anonymous_13)
FN:62,(anonymous_15)
FN:74,(anonymous_17)
FNF:6
FNH:1
FNDA:1,(anonymous_7)
FNDA:0,(anonymous_9)
FNDA:0,(anonymous_11)
FNDA:0,(anonymous_13)
FNDA:0,(anonymous_15)
FNDA:0,(anonymous_17)
DA:2,1
DA:4,1
DA:6,1
DA:7,1
DA:8,1
DA:10,0
DA:15,0
DA:16,0
DA:23,0
DA:25,0
DA:30,0
DA:31,0
DA:32,0
DA:33,0
DA:35,0
DA:37,0
DA:45,0
DA:46,0
DA:53,0
DA:54,0
DA:56,0
DA:58,0
DA:63,0
DA:64,0
DA:65,0
DA:66,0
DA:68,0
DA:70,0
DA:78,0
DA:79,0
DA:82,0
DA:84,0
LF:32
LH:5
BRDA:17,0,0,0
BRDA:17,0,1,0
BRDA:19,1,0,0
BRDA:19,1,1,0
BRDA:32,2,0,0
BRDA:53,3,0,0
BRDA:65,4,0,0
BRF:7
BRH:0
end_of_record
TN:
SF:src\middlewares\logger-middleware.ts
FN:3,loggerMiddleware
FNF:1
FNH:0
FNDA:0,loggerMiddleware
DA:3,0
DA:8,0
DA:9,0
DA:10,0
DA:12,0
DA:14,0
LF:6
LH:0
BRF:0
BRH:0
end_of_record
TN:
SF:src\routes\v1\routes.ts
FN:49,RegisterRoutes
FN:58,UserController_createNewUser
FN:88,UserController_getAllUsers
FN:119,UserController_getUserById
FN:149,UserController_updateUserById
FN:180,UserController_deleteUserById
FN:210,UserController_getUserByAgeRange
FNF:7
FNH:0
FNDA:0,RegisterRoutes
FNDA:0,UserController_createNewUser
FNDA:0,UserController_getAllUsers
FNDA:0,UserController_getUserById
FNDA:0,UserController_updateUserById
FNDA:0,UserController_deleteUserById
FNDA:0,UserController_getUserByAgeRange
DA:4,0
DA:6,0
DA:13,0
DA:45,0
DA:49,0
DA:54,0
DA:59,0
DA:65,0
DA:66,0
DA:67,0
DA:69,0
DA:71,0
DA:80,0
DA:84,0
DA:89,0
DA:96,0
DA:97,0
DA:98,0
DA:100,0
DA:102,0
DA:111,0
DA:115,0
DA:120,0
DA:126,0
DA:127,0
DA:128,0
DA:130,0
DA:132,0
DA:141,0
DA:145,0
DA:150,0
DA:157,0
DA:158,0
DA:159,0
DA:161,0
DA:163,0
DA:172,0
DA:176,0
DA:181,0
DA:187,0
DA:188,0
DA:189,0
DA:191,0
DA:193,0
DA:202,0
DA:206,0
DA:211,0
DA:218,0
DA:219,0
DA:220,0
DA:222,0
DA:224,0
DA:233,0
LF:53
LH:0
BRF:0
BRH:0
end_of_record
TN:
SF:src\services\user.service.ts
FN:8,(anonymous_7)
FN:17,(anonymous_9)
FN:26,(anonymous_11)
FN:35,(anonymous_13)
FN:47,(anonymous_15)
FN:56,(anonymous_17)
FNF:6
FNH:0
FNDA:0,(anonymous_7)
FNDA:0,(anonymous_9)
FNDA:0,(anonymous_11)
FNDA:0,(anonymous_13)
FNDA:0,(anonymous_15)
FNDA:0,(anonymous_17)
DA:2,0
DA:5,0
DA:7,0
DA:9,0
DA:10,0
DA:11,0
DA:13,0
DA:18,0
DA:19,0
DA:20,0
DA:22,0
DA:27,0
DA:28,0
DA:29,0
DA:31,0
DA:39,0
DA:40,0
DA:41,0
DA:43,0
DA:48,0
DA:49,0
DA:50,0
DA:52,0
DA:60,0
DA:61,0
DA:65,0
DA:67,0
LF:27
LH:0
BRF:0
BRH:0
end_of_record
